[2025-06-02 01:10:46,109] DEBUG in views.home:31 — UTC: 2025-06-01 22:10:46.094975+00:00
[2025-06-02 01:10:46,109] DEBUG in views.home:32 — LOCAL: 2025-06-01 22:10:46.094975+00:00
[2025-06-02 01:11:18,485] INFO in views.login:131 — User AnonymousUser was redirected to login form
[2025-06-02 01:13:55,494] DEBUG in views.home:31 — UTC: 2025-06-01 22:13:55.494321+00:00
[2025-06-02 01:13:55,494] DEBUG in views.home:32 — LOCAL: 2025-06-01 22:13:55.494321+00:00
[2025-06-02 01:14:05,736] INFO in views.promocodes:11 — Returned promo codes list
[2025-06-02 01:14:31,467] WARNING in forms.phone_num_validator:18 — Attempt to register incorrect phone number
[2025-06-02 01:14:31,494] WARNING in views.register:110 — User AnonymousUser send not valid registration form
[2025-06-02 01:14:50,115] DEBUG in views.home:31 — UTC: 2025-06-01 22:14:50.115789+00:00
[2025-06-02 01:14:50,116] DEBUG in views.home:32 — LOCAL: 2025-06-01 22:14:50.115789+00:00
[2025-06-02 01:14:55,626] INFO in views.promocodes:11 — Returned promo codes list
[2025-06-02 01:48:17,623] DEBUG in views.home:31 — UTC: 2025-06-01 22:48:17.617890+00:00
[2025-06-02 01:48:17,623] DEBUG in views.home:32 — LOCAL: 2025-06-01 22:48:17.617890+00:00
[2025-06-02 01:48:23,896] INFO in views.estates:179 — Returned queryset with filter '' and sorted by '-id' 
[2025-06-02 01:52:45,127] DEBUG in views.home:31 — UTC: 2025-06-01 22:52:45.122522+00:00
[2025-06-02 01:52:45,127] DEBUG in views.home:32 — LOCAL: 2025-06-01 22:52:45.122522+00:00
[2025-06-02 01:54:14,153] DEBUG in views.home:31 — UTC: 2025-06-01 22:54:14.153036+00:00
[2025-06-02 01:54:14,153] DEBUG in views.home:32 — LOCAL: 2025-06-01 22:54:14.153036+00:00
[2025-06-02 01:54:18,817] INFO in views.insurances:179 — Returned queryset with filter '' and sorted by '-id' 
[2025-06-02 01:54:55,428] DEBUG in views.home:31 — UTC: 2025-06-01 22:54:55.425002+00:00
[2025-06-02 01:54:55,428] DEBUG in views.home:32 — LOCAL: 2025-06-01 22:54:55.425002+00:00
[2025-06-02 01:55:07,762] DEBUG in views.home:31 — UTC: 2025-06-01 22:55:07.758546+00:00
[2025-06-02 01:55:07,762] DEBUG in views.home:32 — LOCAL: 2025-06-01 22:55:07.758546+00:00
[2025-06-02 01:55:09,367] INFO in views.insurances:179 — Returned queryset with filter '' and sorted by '-id' 
[2025-06-02 01:55:53,004] INFO in views.insurances:179 — Returned queryset with filter '' and sorted by '-id' 
[2025-06-02 01:57:12,165] DEBUG in views.home:31 — UTC: 2025-06-01 22:57:12.165265+00:00
[2025-06-02 01:57:12,165] DEBUG in views.home:32 — LOCAL: 2025-06-01 22:57:12.165265+00:00
[2025-06-02 01:57:19,344] INFO in views.promocodes:11 — Returned promo codes list
[2025-06-02 01:59:12,751] DEBUG in views.home:31 — UTC: 2025-06-01 22:59:12.751343+00:00
[2025-06-02 01:59:12,751] DEBUG in views.home:32 — LOCAL: 2025-06-01 22:59:12.751343+00:00
[2025-06-02 02:00:58,397] DEBUG in views.home:31 — UTC: 2025-06-01 23:00:58.397252+00:00
[2025-06-02 02:00:58,397] DEBUG in views.home:32 — LOCAL: 2025-06-01 23:00:58.397252+00:00
[2025-06-02 02:01:35,123] DEBUG in views.home:31 — UTC: 2025-06-01 23:01:35.123259+00:00
[2025-06-02 02:01:35,123] DEBUG in views.home:32 — LOCAL: 2025-06-01 23:01:35.123259+00:00
